2020-12-05 07:59:16,248: HLA-A*02:01
2020-12-05 07:59:16,331: Data shape: (64780, 8)
2020-12-05 08:00:29,531: HLA-A*02:01
2020-12-05 08:00:29,617: Data shape: (64780, 8)
2020-12-05 08:04:34,719: Patr-B*13:01
2020-12-05 08:04:34,782: Data shape: (344, 8)
2020-12-05 08:04:41,950: Data saved.
2020-12-05 08:19:58,262: Patr-B*13:01
2020-12-05 08:19:58,323: Data shape: (344, 8)
2020-12-05 08:28:40,358: Data saved.
2020-12-05 08:28:41,121: Passed index IDs
2020-12-05 08:33:24,493: Patr-B*13:01
2020-12-05 08:33:24,553: Data shape: (344, 8)
2020-12-05 08:33:30,021: Data saved.
2020-12-05 08:33:30,024: Passed index IDs
2020-12-05 08:33:30,024: ARGP820102 - Signal sequence helical potential (Argos et al., 1982) - 0.6276666666666667
2020-12-05 08:33:30,025: ANDN920101 - alpha-CH chemical shifts (Andersen et al., 1992) - 0.2263333333333333
2020-12-05 09:28:46,354: H2-Kb
2020-12-05 09:28:46,419: Data shape: (11130, 8)
2020-12-05 09:32:35,430: Patr-B*13:01
2020-12-05 09:32:35,521: Data shape: (344, 8)
2020-12-05 09:32:45,472: Data saved.
2020-12-05 09:32:45,479: Pass index IDs
2020-12-05 09:32:45,479: ARGP820101 - Hydrophobicity index (Argos et al., 1982) - 0.5661666666666668
2020-12-05 09:32:45,479: BEGF750101 - Conformational parameter of inner helix (Beghin-Dirkx, 1975) - 0.5548333333333334
2020-12-07 05:23:24,334: H2-Kb
2020-12-07 05:23:24,410: Data shape: (11130, 8)
